0 info it worked if it ends with ok
1 verbose cli [ 'C:\\Program Files\\nodejs\\node.exe',
1 verbose cli   'C:\\Program Files\\nodejs\\node_modules\\npm\\bin\\npm-cli.js',
1 verbose cli   'start' ]
2 info using npm@4.1.2
3 info using node@v7.5.0
4 verbose run-script [ 'prestart', 'start', 'poststart' ]
5 info lifecycle my-first-app@0.0.5~prestart: my-first-app@0.0.5
6 silly lifecycle my-first-app@0.0.5~prestart: no script for prestart, continuing
7 info lifecycle my-first-app@0.0.5~start: my-first-app@0.0.5
8 verbose lifecycle my-first-app@0.0.5~start: unsafe-perm in lifecycle true
9 verbose lifecycle my-first-app@0.0.5~start: PATH: C:\Program Files\nodejs\node_modules\npm\bin\node-gyp-bin;C:\Users\taha\Desktop\lab\MatchaNode\node_modules\.bin;C:\Program Files\cmder\bin;C:\Program Files\cmder\vendor\git-for-windows\cmd;C:\Program Files\cmder\vendor\conemu-maximus5\ConEmu\Scripts;C:\Program Files\cmder\vendor\conemu-maximus5;C:\Program Files\cmder\vendor\conemu-maximus5\ConEmu;C:\Windows\system32;C:\Windows;C:\Windows\System32\Wbem;C:\Windows\System32\WindowsPowerShell\v1.0\;C:\Program Files\nodejs\;C:\wamp64\bin\php\php5.6.25;C:\ProgramData\ComposerSetup\bin;C:\Program Files\MongoDB\Server\3.4\bin;C:\Users\taha\AppData\Local\atom\bin;C:\Users\taha\AppData\Roaming\Composer\vendor\bin;C:\Program Files\cmder\vendor\git-for-windows\usr\bin;C:\Program Files\cmder\vendor\git-for-windows\usr\share\vim\vim74;C:\Program Files\cmder\
10 verbose lifecycle my-first-app@0.0.5~start: CWD: C:\Users\taha\Desktop\lab\MatchaNode
11 silly lifecycle my-first-app@0.0.5~start: Args: [ '/d /s /c', 'node ./app.js' ]
12 silly lifecycle my-first-app@0.0.5~start: Returned: code: 1  signal: null
13 info lifecycle my-first-app@0.0.5~start: Failed to exec start script
14 verbose stack Error: my-first-app@0.0.5 start: `node ./app.js`
14 verbose stack Exit status 1
14 verbose stack     at EventEmitter.<anonymous> (C:\Program Files\nodejs\node_modules\npm\lib\utils\lifecycle.js:279:16)
14 verbose stack     at emitTwo (events.js:106:13)
14 verbose stack     at EventEmitter.emit (events.js:192:7)
14 verbose stack     at ChildProcess.<anonymous> (C:\Program Files\nodejs\node_modules\npm\lib\utils\spawn.js:40:14)
14 verbose stack     at emitTwo (events.js:106:13)
14 verbose stack     at ChildProcess.emit (events.js:192:7)
14 verbose stack     at maybeClose (internal/child_process.js:890:16)
14 verbose stack     at Process.ChildProcess._handle.onexit (internal/child_process.js:226:5)
15 verbose pkgid my-first-app@0.0.5
16 verbose cwd C:\Users\taha\Desktop\lab\MatchaNode
17 error Windows_NT 10.0.14393
18 error argv "C:\\Program Files\\nodejs\\node.exe" "C:\\Program Files\\nodejs\\node_modules\\npm\\bin\\npm-cli.js" "start"
19 error node v7.5.0
20 error npm  v4.1.2
21 error code ELIFECYCLE
22 error my-first-app@0.0.5 start: `node ./app.js`
22 error Exit status 1
23 error Failed at the my-first-app@0.0.5 start script 'node ./app.js'.
23 error Make sure you have the latest version of node.js and npm installed.
23 error If you do, this is most likely a problem with the my-first-app package,
23 error not with npm itself.
23 error Tell the author that this fails on your system:
23 error     node ./app.js
23 error You can get information on how to open an issue for this project with:
23 error     npm bugs my-first-app
23 error Or if that isn't available, you can get their info via:
23 error     npm owner ls my-first-app
23 error There is likely additional logging output above.
24 verbose exit [ 1, true ]
